mode: set
github.com/sagynbek001/EPAM_GO/shapes/Rectangle.go:13.44,14.33 1 1
github.com/sagynbek001/EPAM_GO/shapes/Rectangle.go:17.2,17.35 1 1
github.com/sagynbek001/EPAM_GO/shapes/Rectangle.go:20.2,20.32 1 1
github.com/sagynbek001/EPAM_GO/shapes/Rectangle.go:14.33,16.3 1 1
github.com/sagynbek001/EPAM_GO/shapes/Rectangle.go:17.35,19.3 1 1
github.com/sagynbek001/EPAM_GO/shapes/Rectangle.go:23.49,24.33 1 1
github.com/sagynbek001/EPAM_GO/shapes/Rectangle.go:27.2,27.35 1 1
github.com/sagynbek001/EPAM_GO/shapes/Rectangle.go:30.2,30.38 1 1
github.com/sagynbek001/EPAM_GO/shapes/Rectangle.go:24.33,26.3 1 1
github.com/sagynbek001/EPAM_GO/shapes/Rectangle.go:27.35,29.3 1 1
github.com/sagynbek001/EPAM_GO/shapes/Rectangle.go:33.36,35.2 1 1
github.com/sagynbek001/EPAM_GO/shapes/Circle.go:13.41,14.18 1 1
github.com/sagynbek001/EPAM_GO/shapes/Circle.go:17.2,17.19 1 1
github.com/sagynbek001/EPAM_GO/shapes/Circle.go:20.2,20.45 1 1
github.com/sagynbek001/EPAM_GO/shapes/Circle.go:14.18,16.3 1 1
github.com/sagynbek001/EPAM_GO/shapes/Circle.go:17.19,19.3 1 1
github.com/sagynbek001/EPAM_GO/shapes/Circle.go:23.46,24.18 1 1
github.com/sagynbek001/EPAM_GO/shapes/Circle.go:27.2,27.19 1 1
github.com/sagynbek001/EPAM_GO/shapes/Circle.go:30.2,30.36 1 1
github.com/sagynbek001/EPAM_GO/shapes/Circle.go:24.18,26.3 1 1
github.com/sagynbek001/EPAM_GO/shapes/Circle.go:27.19,29.3 1 1
github.com/sagynbek001/EPAM_GO/shapes/Circle.go:33.33,35.2 1 1
